<?xml version="1.0" encoding="UTF-8"?>
<testsuite xmlns:xsi="http://www.w3.org/2001/XMLSchema-instance" xsi:noNamespaceSchemaLocation="https://maven.apache.org/surefire/maven-surefire-plugin/xsd/surefire-test-report-3.0.xsd" version="3.0" name="heli.mario.MainTest" time="5.033" tests="1" errors="0" skipped="0" failures="0">
  <properties>
[...]
</properties>
  <testcase name="testHelloWorld" classname="heli.mario.MainTest" time="0.747">
    <system-out><![CDATA[2022.10.25 12:41:49 INFO io.helidon.common.LogConfig Thread[main,5,main]: Logging at initialization configured using C:\Users\Usuario\Desktop\HelidonProject\demo-config\target\classes\logging.properties
2022.10.25 12:41:49 INFO org.jboss.weld.Version Thread[main,5,main]: WELD-000900: 3.1.4 (Final)
2022.10.25 12:41:50 INFO org.jboss.weld.Bootstrap Thread[main,5,main]: WELD-ENV-000020: Using jandex for bean discovery
2022.10.25 12:41:50 INFO org.jboss.weld.Bootstrap Thread[main,5,main]: WELD-000101: Transactional services not available. Injection of @Inject UserTransaction not available. Transactional observers will be invoked synchronously.
2022.10.25 12:41:51 INFO org.jboss.weld.Event Thread[main,5,main]: WELD-000411: Observer method [BackedAnnotatedMethod] private io.helidon.microprofile.openapi.OpenApiCdiExtension.processAnnotatedType(@Observes ProcessAnnotatedType<X>) receives events for all annotated types. Consider restricting events using @WithAnnotations or a generic type with bounds.
2022.10.25 12:41:51 INFO org.jboss.weld.Event Thread[main,5,main]: WELD-000411: Observer method [BackedAnnotatedMethod] public org.glassfish.jersey.ext.cdi1x.internal.ProcessAllAnnotatedTypes.processAnnotatedType(@Observes ProcessAnnotatedType<?>, BeanManager) receives events for all annotated types. Consider restricting events using @WithAnnotations or a generic type with bounds.
2022.10.25 12:41:52 INFO io.helidon.tracing.tracerresolver.TracerResolverBuilder Thread[main,5,main]: TracerResolver not configured, tracing is disabled
2022.10.25 12:41:52 WARNING io.helidon.microprofile.tracing.TracingCdiExtension Thread[main,5,main]: helidon-microprofile-tracing is on the classpath, yet there is no tracer implementation library. Tracing uses a no-op tracer. As a result, no tracing will be configured for WebServer and JAX-RS
2022.10.25 12:41:52 INFO io.helidon.microprofile.security.SecurityCdiExtension Thread[main,5,main]: Authentication provider is missing from security configuration, but security extension for microprofile is enabled (requires providers configuration at key security.providers). Security will not have any valid authentication provider
2022.10.25 12:41:52 INFO io.helidon.microprofile.security.SecurityCdiExtension Thread[main,5,main]: Authorization provider is missing from security configuration, but security extension for microprofile is enabled (requires providers configuration at key security.providers). ABAC provider is configured for authorization.
2022.10.25 12:41:52 INFO io.helidon.microprofile.server.ServerCdiExtension Thread[main,5,main]: Registering JAX-RS Application: HelidonMP
2022.10.25 12:41:53 INFO io.helidon.webserver.NettyWebServer Thread[nioEventLoopGroup-2-1,10,main]: Channel '@default' started: [id: 0x8f2dd92b, L:/[0:0:0:0:0:0:0:0]:8080]
2022.10.25 12:41:53 INFO io.helidon.microprofile.server.ServerCdiExtension Thread[main,5,main]: Server started on http://localhost:8080 (and all other host addresses) in 5456 milliseconds (since JVM startup).
2022.10.25 12:41:53 INFO io.helidon.common.HelidonFeatures Thread[features-thread,5,main]: Helidon MP 2.2.0 features: [CDI, Config, Fault Tolerance, Health, JAX-RS, Metrics, Open API, Security, Server, Tracing]
]]></system-out>
  </testcase>
</testsuite>